Arguments: 
  C:\Program Files\nodejs\node.exe C:\Users\Адмін\AppData\Roaming\npm\node_modules\yarn\bin\yarn.js

PATH: 
  C:\Users\Адмін\bin;C:\Program Files\Git\mingw64\bin;C:\Program Files\Git\usr\local\bin;C:\Program Files\Git\usr\bin;C:\Program Files\Git\usr\bin;C:\Program Files\Git\mingw64\bin;C:\Program Files\Git\usr\bin;C:\Users\Адмін\bin;C:\Python311\Scripts;C:\Python311;C:\WINDOWS\system32;C:\WINDOWS;C:\WINDOWS\System32\Wbem;C:\WINDOWS\System32\WindowsPowerShell\v1.0;C:\WINDOWS\System32\OpenSSH;C:\Program Files\7-Zip;C:\ProgramData\chocolatey\bin;C:\Program Files\Git\cmd;C:\Program Files\nodejs;C:\Users\Адмін\.console-ninja\.bin;C:\Users\Адмін\AppData\Local\Microsoft\WindowsApps;C:\Users\Адмін\AppData\Local\Programs\Microsoft VS Code\bin;C:\Users\Адмін\AppData\Local\GitHubDesktop\bin;C:\Users\Адмін\AppData\Roaming\npm;C:\Program Files\Git\usr\bin\vendor_perl;C:\Program Files\Git\usr\bin\core_perl

Yarn version: 
  1.22.19

Node version: 
  18.16.1

Platform: 
  win32 x64

Trace: 
  SyntaxError: D:\goit\node.js\node.js-hw-01\package.json: Unexpected token } in JSON at position 413
      at JSON.parse (<anonymous>)
      at C:\Users\Адмін\AppData\Roaming\npm\node_modules\yarn\lib\cli.js:1629:59
      at Generator.next (<anonymous>)
      at step (C:\Users\Адмін\AppData\Roaming\npm\node_modules\yarn\lib\cli.js:310:30)
      at C:\Users\Адмін\AppData\Roaming\npm\node_modules\yarn\lib\cli.js:321:13

npm manifest: 
  {
    "name": "node.js-hw-01",
    "version": "1.0.0",
    "description": "",
    "main": "index.js",
    "scripts": {
      "test": "echo \"Error: no test specified\" && exit 1",
      "start": "node index",
      "dev": "nodemon index",
      "start:dev": "nodemon index"
    },
    "keywords": [],
    "author": "",
    "license": "ISC",
    "devDependencies": {
      "nodemon": "^2.0.22"
    },
    "dependencies": {
      "nanoid": "3.3.4",
    }
  }

yarn manifest: 
  No manifest

Lockfile: 
  No lockfile
